# JRE version: OpenJDK Runtime Environment (8.0_152-b01) (build 1.8.0_152-release-915-b01)
# Java VM: OpenJDK 64-Bit Server VM (25.152-b01 mixed mode windows-amd64 compressed oops)
Heap:
 PSYoungGen      total 152064K, used 22889K [0x00000000e0000000, 0x00000000eae80000, 0x0000000100000000)
  eden space 125440K, 18% used [0x00000000e0000000,0x00000000e165a488,0x00000000e7a80000)
  from space 26624K, 0% used [0x00000000e7a80000,0x00000000e7a80000,0x00000000e9480000)
  to   space 17408K, 0% used [0x00000000e9d80000,0x00000000e9d80000,0x00000000eae80000)
 ParOldGen       total 156160K, used 60587K [0x00000000a0000000, 0x00000000a9880000, 0x00000000e0000000)
  object space 156160K, 38% used [0x00000000a0000000,0x00000000a3b2afe0,0x00000000a9880000)
 Metaspace       used 64723K, capacity 67620K, committed 67928K, reserved 1107968K
  class space    used 8518K, capacity 9260K, committed 9344K, reserved 1048576K
GC Heap History (10 events):
Event: 43.524 GC heap before
{Heap before GC invocations=21 (full 2):
 PSYoungGen      total 122880K, used 34689K [0x00000000e0000000, 0x00000000e9b00000, 0x0000000100000000)
  eden space 100864K, 12% used [0x00000000e0000000,0x00000000e0c66ae8,0x00000000e6280000)
  from space 22016K, 99% used [0x00000000e7c80000,0x00000000e91f9ba8,0x00000000e9200000)
  to   space 26624K, 0% used [0x00000000e6280000,0x00000000e6280000,0x00000000e7c80000)
 ParOldGen       total 77824K, used 30392K [0x00000000a0000000, 0x00000000a4c00000, 0x00000000e0000000)
  object space 77824K, 39% used [0x00000000a0000000,0x00000000a1dae3a8,0x00000000a4c00000)
 Metaspace       used 56597K, capacity 58904K, committed 58968K, reserved 1099776K
  class space    used 7713K, capacity 8304K, committed 8320K, reserved 1048576K
Event: 43.596 GC heap after
Heap after GC invocations=21 (full 2):
 PSYoungGen      total 127488K, used 17520K [0x00000000e0000000, 0x00000000eb880000, 0x0000000100000000)
  eden space 100864K, 0% used [0x00000000e0000000,0x00000000e0000000,0x00000000e6280000)
  from space 26624K, 65% used [0x00000000e6280000,0x00000000e739c1a0,0x00000000e7c80000)
  to   space 27648K, 0% used [0x00000000e9d80000,0x00000000e9d80000,0x00000000eb880000)
 ParOldGen       total 77824K, used 36113K [0x00000000a0000000, 0x00000000a4c00000, 0x00000000e0000000)
  object space 77824K, 46% used [0x00000000a0000000,0x00000000a23444d0,0x00000000a4c00000)
 Metaspace       used 56597K, capacity 58904K, committed 58968K, reserved 1099776K
  class space    used 7713K, capacity 8304K, committed 8320K, reserved 1048576K
}
Event: 43.596 GC heap before
{Heap before GC invocations=22 (full 3):
 PSYoungGen      total 127488K, used 17520K [0x00000000e0000000, 0x00000000eb880000, 0x0000000100000000)
  eden space 100864K, 0% used [0x00000000e0000000,0x00000000e0000000,0x00000000e6280000)
  from space 26624K, 65% used [0x00000000e6280000,0x00000000e739c1a0,0x00000000e7c80000)
  to   space 27648K, 0% used [0x00000000e9d80000,0x00000000e9d80000,0x00000000eb880000)
 ParOldGen       total 77824K, used 36113K [0x00000000a0000000, 0x00000000a4c00000, 0x00000000e0000000)
  object space 77824K, 46% used [0x00000000a0000000,0x00000000a23444d0,0x00000000a4c00000)
 Metaspace       used 56597K, capacity 58904K, committed 58968K, reserved 1099776K
  class space    used 7713K, capacity 8304K, committed 8320K, reserved 1048576K
Event: 44.202 GC heap after
Heap after GC invocations=22 (full 3):
 PSYoungGen      total 127488K, used 0K [0x00000000e0000000, 0x00000000eb880000, 0x0000000100000000)
  eden space 100864K, 0% used [0x00000000e0000000,0x00000000e0000000,0x00000000e6280000)
  from space 26624K, 0% used [0x00000000e6280000,0x00000000e6280000,0x00000000e7c80000)
  to   space 27648K, 0% used [0x00000000e9d80000,0x00000000e9d80000,0x00000000eb880000)
 ParOldGen       total 123392K, used 46759K [0x00000000a0000000, 0x00000000a7880000, 0x00000000e0000000)
  object space 123392K, 37% used [0x00000000a0000000,0x00000000a2da9c98,0x00000000a7880000)
 Metaspace       used 56597K, capacity 58904K, committed 58968K, reserved 1099776K
  class space    used 7713K, capacity 8304K, committed 8320K, reserved 1048576K
}
Event: 119.869 GC heap before
{Heap before GC invocations=23 (full 3):
 PSYoungGen      total 127488K, used 100864K [0x00000000e0000000, 0x00000000eb880000, 0x0000000100000000)
  eden space 100864K, 100% used [0x00000000e0000000,0x00000000e6280000,0x00000000e6280000)
  from space 26624K, 0% used [0x00000000e6280000,0x00000000e6280000,0x00000000e7c80000)
  to   space 27648K, 0% used [0x00000000e9d80000,0x00000000e9d80000,0x00000000eb880000)
 ParOldGen       total 123392K, used 46759K [0x00000000a0000000, 0x00000000a7880000, 0x00000000e0000000)
  object space 123392K, 37% used [0x00000000a0000000,0x00000000a2da9c98,0x00000000a7880000)
 Metaspace       used 60752K, capacity 63526K, committed 63576K, reserved 1103872K
  class space    used 8109K, capacity 8803K, committed 8832K, reserved 1048576K
Event: 119.884 GC heap after
Heap after GC invocations=23 (full 3):
 PSYoungGen      total 142848K, used 8445K [0x00000000e0000000, 0x00000000eae80000, 0x0000000100000000)
  eden space 125440K, 0% used [0x00000000e0000000,0x00000000e0000000,0x00000000e7a80000)
  from space 17408K, 48% used [0x00000000e9d80000,0x00000000ea5bf420,0x00000000eae80000)
  to   space 26624K, 0% used [0x00000000e7a80000,0x00000000e7a80000,0x00000000e9480000)
 ParOldGen       total 123392K, used 46767K [0x00000000a0000000, 0x00000000a7880000, 0x00000000e0000000)
  object space 123392K, 37% used [0x00000000a0000000,0x00000000a2dabc98,0x00000000a7880000)
 Metaspace       used 60752K, capacity 63526K, committed 63576K, reserved 1103872K
  class space    used 8109K, capacity 8803K, committed 8832K, reserved 1048576K
}
Event: 153.597 GC heap before
{Heap before GC invocations=24 (full 3):
 PSYoungGen      total 142848K, used 120201K [0x00000000e0000000, 0x00000000eae80000, 0x0000000100000000)
  eden space 125440K, 89% used [0x00000000e0000000,0x00000000e6d23218,0x00000000e7a80000)
  from space 17408K, 48% used [0x00000000e9d80000,0x00000000ea5bf420,0x00000000eae80000)
  to   space 26624K, 0% used [0x00000000e7a80000,0x00000000e7a80000,0x00000000e9480000)
 ParOldGen       total 123392K, used 46767K [0x00000000a0000000, 0x00000000a7880000, 0x00000000e0000000)
  object space 123392K, 37% used [0x00000000a0000000,0x00000000a2dabc98,0x00000000a7880000)
 Metaspace       used 62816K, capacity 65662K, committed 65880K, reserved 1105920K
  class space    used 8322K, capacity 9061K, committed 9088K, reserved 1048576K
Event: 154.045 GC heap after
Heap after GC invocations=24 (full 3):
 PSYoungGen      total 152064K, used 18879K [0x00000000e0000000, 0x00000000eae80000, 0x0000000100000000)
  eden space 125440K, 0% used [0x00000000e0000000,0x00000000e0000000,0x00000000e7a80000)
  from space 26624K, 70% used [0x00000000e7a80000,0x00000000e8cefc78,0x00000000e9480000)
  to   space 17408K, 0% used [0x00000000e9d80000,0x00000000e9d80000,0x00000000eae80000)
 ParOldGen       total 123392K, used 46775K [0x00000000a0000000, 0x00000000a7880000, 0x00000000e0000000)
  object space 123392K, 37% used [0x00000000a0000000,0x00000000a2dadc98,0x00000000a7880000)
 Metaspace       used 62816K, capacity 65662K, committed 65880K, reserved 1105920K
  class space    used 8322K, capacity 9061K, committed 9088K, reserved 1048576K
}
Event: 154.582 GC heap before
{Heap before GC invocations=25 (full 4):
 PSYoungGen      total 152064K, used 18879K [0x00000000e0000000, 0x00000000eae80000, 0x0000000100000000)
  eden space 125440K, 0% used [0x00000000e0000000,0x00000000e0000000,0x00000000e7a80000)
  from space 26624K, 70% used [0x00000000e7a80000,0x00000000e8cefc78,0x00000000e9480000)
  to   space 17408K, 0% used [0x00000000e9d80000,0x00000000e9d80000,0x00000000eae80000)
 ParOldGen       total 123392K, used 46775K [0x00000000a0000000, 0x00000000a7880000, 0x00000000e0000000)
  object space 123392K, 37% used [0x00000000a0000000,0x00000000a2dadc98,0x00000000a7880000)
 Metaspace       used 62816K, capacity 65662K, committed 65880K, reserved 1105920K
  class space    used 8322K, capacity 9061K, committed 9088K, reserved 1048576K
Event: 157.316 GC heap after
Heap after GC invocations=25 (full 4):
 PSYoungGen      total 152064K, used 0K [0x00000000e0000000, 0x00000000eae80000, 0x0000000100000000)
  eden space 125440K, 0% used [0x00000000e0000000,0x00000000e0000000,0x00000000e7a80000)
  from space 26624K, 0% used [0x00000000e7a80000,0x00000000e7a80000,0x00000000e9480000)
  to   space 17408K, 0% used [0x00000000e9d80000,0x00000000e9d80000,0x00000000eae80000)
 ParOldGen       total 156160K, used 60587K [0x00000000a0000000, 0x00000000a9880000, 0x00000000e0000000)
  object space 156160K, 38% used [0x00000000a0000000,0x00000000a3b2afe0,0x00000000a9880000)
 Metaspace       used 62816K, capacity 65662K, committed 65880K, reserved 1105920K
  class space    used 8322K, capacity 9061K, committed 9088K, reserved 1048576K
}

